0 info it worked if it ends with ok
1 verbose cli [ 'C:\\Program Files\\nodejs\\node.exe',
1 verbose cli   'C:\\Program Files\\nodejs\\node_modules\\npm\\bin\\npm-cli.js',
1 verbose cli   'install',
1 verbose cli   'crosswalk',
1 verbose cli   '--save' ]
2 info using npm@2.15.8
3 info using node@v4.4.7
4 verbose install initial load of D:\Ionic\myTabs\package.json
5 warn package.json mytabs@1.1.1 No repository field.
6 warn package.json mytabs@1.1.1 No README data
7 warn package.json mytabs@1.1.1 No license field.
8 verbose readDependencies loading dependencies from D:\Ionic\myTabs\package.json
9 silly cache add args [ 'crosswalk', null ]
10 verbose cache add spec crosswalk
11 silly cache add parsed spec Result {
11 silly cache add   raw: 'crosswalk',
11 silly cache add   scope: null,
11 silly cache add   name: 'crosswalk',
11 silly cache add   rawSpec: '',
11 silly cache add   spec: 'latest',
11 silly cache add   type: 'tag' }
12 silly addNamed crosswalk@latest
13 verbose addNamed "latest" is being treated as a dist-tag for crosswalk
14 info addNameTag [ 'crosswalk', 'latest' ]
15 silly mapToRegistry name crosswalk
16 silly mapToRegistry using default registry
17 silly mapToRegistry registry https://registry.npmjs.org/
18 silly mapToRegistry data Result {
18 silly mapToRegistry   raw: 'crosswalk',
18 silly mapToRegistry   scope: null,
18 silly mapToRegistry   name: 'crosswalk',
18 silly mapToRegistry   rawSpec: '',
18 silly mapToRegistry   spec: 'latest',
18 silly mapToRegistry   type: 'tag' }
19 silly mapToRegistry uri https://registry.npmjs.org/crosswalk
20 verbose addNameTag registry:https://registry.npmjs.org/crosswalk not in flight; fetching
21 verbose request uri https://registry.npmjs.org/crosswalk
22 verbose request no auth needed
23 info attempt registry request try #1 at 18:15:07
24 verbose request id 55bd7dc861683a5d
25 http request GET https://registry.npmjs.org/crosswalk
26 http 404 https://registry.npmjs.org/crosswalk
27 verbose headers { 'content-type': 'application/json',
27 verbose headers   'cache-control': 'max-age=0',
27 verbose headers   'content-length': '2',
27 verbose headers   'accept-ranges': 'bytes',
27 verbose headers   date: 'Fri, 02 Sep 2016 10:15:07 GMT',
27 verbose headers   via: '1.1 varnish',
27 verbose headers   age: '0',
27 verbose headers   connection: 'keep-alive',
27 verbose headers   'x-served-by': 'cache-itm7422-ITM',
27 verbose headers   'x-cache': 'MISS',
27 verbose headers   'x-cache-hits': '0',
27 verbose headers   'x-timer': 'S1472811306.513387,VS0,VE588',
27 verbose headers   vary: 'Accept-Encoding' }
28 silly get cb [ 404,
28 silly get   { 'content-type': 'application/json',
28 silly get     'cache-control': 'max-age=0',
28 silly get     'content-length': '2',
28 silly get     'accept-ranges': 'bytes',
28 silly get     date: 'Fri, 02 Sep 2016 10:15:07 GMT',
28 silly get     via: '1.1 varnish',
28 silly get     age: '0',
28 silly get     connection: 'keep-alive',
28 silly get     'x-served-by': 'cache-itm7422-ITM',
28 silly get     'x-cache': 'MISS',
28 silly get     'x-cache-hits': '0',
28 silly get     'x-timer': 'S1472811306.513387,VS0,VE588',
28 silly get     vary: 'Accept-Encoding' } ]
29 verbose stack Error: Registry returned 404 for GET on https://registry.npmjs.org/crosswalk
29 verbose stack     at makeError (C:\Program Files\nodejs\node_modules\npm\node_modules\npm-registry-client\lib\request.js:264:12)
29 verbose stack     at CachingRegistryClient.<anonymous> (C:\Program Files\nodejs\node_modules\npm\node_modules\npm-registry-client\lib\request.js:242:14)
29 verbose stack     at Request._callback (C:\Program Files\nodejs\node_modules\npm\node_modules\npm-registry-client\lib\request.js:172:14)
29 verbose stack     at Request.self.callback (C:\Program Files\nodejs\node_modules\npm\node_modules\request\request.js:200:22)
29 verbose stack     at emitTwo (events.js:87:13)
29 verbose stack     at Request.emit (events.js:172:7)
29 verbose stack     at Request.<anonymous> (C:\Program Files\nodejs\node_modules\npm\node_modules\request\request.js:1067:10)
29 verbose stack     at emitOne (events.js:82:20)
29 verbose stack     at Request.emit (events.js:169:7)
29 verbose stack     at IncomingMessage.<anonymous> (C:\Program Files\nodejs\node_modules\npm\node_modules\request\request.js:988:12)
30 verbose statusCode 404
31 verbose pkgid crosswalk
32 verbose cwd D:\Ionic\myTabs
33 error Windows_NT 6.1.7601
34 error argv "C:\\Program Files\\nodejs\\node.exe" "C:\\Program Files\\nodejs\\node_modules\\npm\\bin\\npm-cli.js" "install" "crosswalk" "--save"
35 error node v4.4.7
36 error npm  v2.15.8
37 error code E404
38 error 404 Registry returned 404 for GET on https://registry.npmjs.org/crosswalk
38 error 404
38 error 404 'crosswalk' is not in the npm registry.
38 error 404 You should bug the author to publish it (or use the name yourself!)
38 error 404 It was specified as a dependency of 'mytabs'
38 error 404
38 error 404 Note that you can also install from a
38 error 404 tarball, folder, http url, or git url.
39 verbose exit [ 1, true ]
